Determining if the pthread_create exist failed with the following output:
Change Dir: /home/geoffrey/.vim/ycm_build/CMakeFiles/CMakeTmp

Run Build Command:/usr/bin/gmake "cmTryCompileExec2453833340/fast"
/usr/bin/gmake -f CMakeFiles/cmTryCompileExec2453833340.dir/build.make CMakeFiles/cmTryCompileExec2453833340.dir/build
gmake[1]: Entering directory `/home/geoffrey/.vim/ycm_build/CMakeFiles/CMakeTmp'
/usr/bin/cmake -E cmake_progress_report /home/geoffrey/.vim/ycm_build/CMakeFiles/CMakeTmp/CMakeFiles 1
Building C object CMakeFiles/cmTryCompileExec2453833340.dir/CheckSymbolExists.c.o
/usr/bin/cc    -o CMakeFiles/cmTryCompileExec2453833340.dir/CheckSymbolExists.c.o   -c /home/geoffrey/.vim/ycm_build/CMakeFiles/CMakeTmp/CheckSymbolExists.c
Linking C executable cmTryCompileExec2453833340
/usr/bin/cmake -E cmake_link_script CMakeFiles/cmTryCompileExec2453833340.dir/link.txt --verbose=1
/usr/bin/cc         CMakeFiles/cmTryCompileExec2453833340.dir/CheckSymbolExists.c.o  -o cmTryCompileExec2453833340 -rdynamic 
CMakeFiles/cmTryCompileExec2453833340.dir/CheckSymbolExists.c.o: In function `main':
CheckSymbolExists.c:(.text+0x16): undefined reference to `pthread_create'
collect2: error: ld returned 1 exit status
gmake[1]: *** [cmTryCompileExec2453833340] Error 1
gmake[1]: Leaving directory `/home/geoffrey/.vim/ycm_build/CMakeFiles/CMakeTmp'
gmake: *** [cmTryCompileExec2453833340/fast] Error 2

File /home/geoffrey/.vim/ycm_build/CMakeFiles/CMakeTmp/CheckSymbolExists.c:
/* */
#include <pthread.h>

int main(int argc, char** argv)
{
  (void)argv;
#ifndef pthread_create
  return ((int*)(&pthread_create))[argc];
#else
  (void)argc;
  return 0;
#endif
}

Determining if the function pthread_create exists in the pthreads failed with the following output:
Change Dir: /home/geoffrey/.vim/ycm_build/CMakeFiles/CMakeTmp

Run Build Command:/usr/bin/gmake "cmTryCompileExec1292553278/fast"
/usr/bin/gmake -f CMakeFiles/cmTryCompileExec1292553278.dir/build.make CMakeFiles/cmTryCompileExec1292553278.dir/build
gmake[1]: Entering directory `/home/geoffrey/.vim/ycm_build/CMakeFiles/CMakeTmp'
/usr/bin/cmake -E cmake_progress_report /home/geoffrey/.vim/ycm_build/CMakeFiles/CMakeTmp/CMakeFiles 1
Building C object CMakeFiles/cmTryCompileExec1292553278.dir/CheckFunctionExists.c.o
/usr/bin/cc   -DCHECK_FUNCTION_EXISTS=pthread_create   -o CMakeFiles/cmTryCompileExec1292553278.dir/CheckFunctionExists.c.o   -c /usr/share/cmake/Modules/CheckFunctionExists.c
Linking C executable cmTryCompileExec1292553278
/usr/bin/cmake -E cmake_link_script CMakeFiles/cmTryCompileExec1292553278.dir/link.txt --verbose=1
/usr/bin/cc     -DCHECK_FUNCTION_EXISTS=pthread_create    CMakeFiles/cmTryCompileExec1292553278.dir/CheckFunctionExists.c.o  -o cmTryCompileExec1292553278 -rdynamic -lpthreads 
/usr/lib64/gcc/x86_64-suse-linux/4.8/../../../../x86_64-suse-linux/bin/ld: cannot find -lpthreads
collect2: error: ld returned 1 exit status
gmake[1]: Leaving directory `/home/geoffrey/.vim/ycm_build/CMakeFiles/CMakeTmp'
gmake[1]: *** [cmTryCompileExec1292553278] Error 1
gmake: *** [cmTryCompileExec1292553278/fast] Error 2


